=~=~=~=~=~=~=~=~=~=~=~= PuTTY log 2022.06.30 22:34:53 =~=~=~=~=~=~=~=~=~=~=~=
 by driver
NETOPT_TX_END_IRQ not implemented by driver
main(): This is RIOT! (Version: 2022.01)
All up, running the shell now
> help
Command              Description
---------------------------------------
client               client commands app
find                 find cert from list
del                  delete a cert from list
test                 test command
reboot               Reboot the node
version              Prints current RIOT_VERSION
bootloader           Reboot to bootloader
pm                   interact with layered PM subsystem
nib                  Configure neighbor information base
ifconfig             Configure network interfaces
6ctx                 6LoWPAN context configuration tool
> 