=~=~=~=~=~=~=~=~=~=~=~= PuTTY log 2022.06.30 11:37:47 =~=~=~=~=~=~=~=~=~=~=~=
 by driver
NETOPT_TX_END_IRQ not implemented by driver
main(): This is RIOT! (Version: 2022.01)
All up, running the shell now
> help
Command              Description
---------------------------------------
client               client commands app
find                 find cert from list
del                  delete a cert from list
test                 test command
reboot               Reboot the node
version              Prints current RIOT_VERSION
bootloader           Reboot to bootloader
pm                   interact with layered PM subsystem
nib                  Configure neighbor information base
ifconfig             Configure network interfaces
6ctx                 6LoWPAN context configuration tool
> client -d
> resource discovery success

rd address :fe80::fc57:d23:a9ad:297e
rd port:5683

> client -r
> registration success

client -l alice
> lookup time: 386478
lookup success

node name :alice
node public key :  46 96 FA CD 14 E9 E3 76 28 35 94 89 9D 48 19 74 0E 25 0E 75 F5 2C B3 29 19 FB 5B 80 2B 8F C0 D7 2B 9E 09 67 37 88 CC 69 F4 A9 A9 32 60 E5 75 88 22 0C 2C D9 34 55 7E C3 0E DA 33 5D 77 16 A6 78 



> 